appcompat_v7_2/build/outputs/logs/manifest-merger-debug-report.txt
-- Merging decision tree log ---
manifest
ADDED from alerta-san-juan\appcompat_v7_2\AndroidManifest.xml:16:1-20:12
	package
		ADDED from alerta-san-juan\appcompat_v7_2\AndroidManifest.xml:17:11-49
	xmlns:android
		ADDED from alerta-san-juan\appcompat_v7_2\AndroidManifest.xml:16:11-69
uses-sdk
ADDED from alerta-san-juan\appcompat_v7_2\AndroidManifest.xml:18:5-42
	android:minSdkVersion
		ADDED from alerta-san-juan\appcompat_v7_2\AndroidManifest.xml:18:15-40
application
ADDED from alerta-san-juan\appcompat_v7_2\AndroidManifest.xml:19:5-20